0 info it worked if it ends with ok
1 verbose cli [ '/Users/robin/.nvm/versions/node/v4.3.1/bin/node',
1 verbose cli   '/Users/robin/.nvm/versions/node/v4.3.1/bin/npm',
1 verbose cli   'start' ]
2 info using npm@3.9.5
3 info using node@v4.3.1
4 verbose run-script [ 'prestart', 'start', 'poststart' ]
5 info lifecycle koa2-sample@1.0.0~prestart: koa2-sample@1.0.0
6 silly lifecycle koa2-sample@1.0.0~prestart: no script for prestart, continuing
7 info lifecycle koa2-sample@1.0.0~start: koa2-sample@1.0.0
8 verbose lifecycle koa2-sample@1.0.0~start: unsafe-perm in lifecycle true
9 verbose lifecycle koa2-sample@1.0.0~start: PATH: /Users/robin/.nvm/versions/node/v4.3.1/lib/node_modules/npm/bin/node-gyp-bin:/Users/robin/robin/git/koa2-sample/node_modules/.bin:/Users/robin/.nvm/versions/node/v4.3.1/bin:/Users/robin/.nvm/versions/node/v4.3.1/bin:/usr/local/bin:/usr/bin:/bin:/usr/sbin:/sbin
10 verbose lifecycle koa2-sample@1.0.0~start: CWD: /Users/robin/robin/git/koa2-sample
11 silly lifecycle koa2-sample@1.0.0~start: Args: [ '-c', 'better-npm-run start' ]
12 silly lifecycle koa2-sample@1.0.0~start: Returned: code: 1  signal: null
13 info lifecycle koa2-sample@1.0.0~start: Failed to exec start script
14 verbose stack Error: koa2-sample@1.0.0 start: `better-npm-run start`
14 verbose stack Exit status 1
14 verbose stack     at EventEmitter.<anonymous> (/Users/robin/.nvm/versions/node/v4.3.1/lib/node_modules/npm/lib/utils/lifecycle.js:245:16)
14 verbose stack     at emitTwo (events.js:87:13)
14 verbose stack     at EventEmitter.emit (events.js:172:7)
14 verbose stack     at ChildProcess.<anonymous> (/Users/robin/.nvm/versions/node/v4.3.1/lib/node_modules/npm/lib/utils/spawn.js:24:14)
14 verbose stack     at emitTwo (events.js:87:13)
14 verbose stack     at ChildProcess.emit (events.js:172:7)
14 verbose stack     at maybeClose (internal/child_process.js:821:16)
14 verbose stack     at Process.ChildProcess._handle.onexit (internal/child_process.js:211:5)
15 verbose pkgid koa2-sample@1.0.0
16 verbose cwd /Users/robin/robin/git/koa2-sample
17 error Darwin 15.6.0
18 error argv "/Users/robin/.nvm/versions/node/v4.3.1/bin/node" "/Users/robin/.nvm/versions/node/v4.3.1/bin/npm" "start"
19 error node v4.3.1
20 error npm  v3.9.5
21 error code ELIFECYCLE
22 error koa2-sample@1.0.0 start: `better-npm-run start`
22 error Exit status 1
23 error Failed at the koa2-sample@1.0.0 start script 'better-npm-run start'.
23 error Make sure you have the latest version of node.js and npm installed.
23 error If you do, this is most likely a problem with the koa2-sample package,
23 error not with npm itself.
23 error Tell the author that this fails on your system:
23 error     better-npm-run start
23 error You can get information on how to open an issue for this project with:
23 error     npm bugs koa2-sample
23 error Or if that isn't available, you can get their info via:
23 error     npm owner ls koa2-sample
23 error There is likely additional logging output above.
24 verbose exit [ 1, true ]
